# JRE version: Java(TM) SE Runtime Environment (8.0_66-b17) (build 1.8.0_66-b17)
# Java VM: Java HotSpot(TM) 64-Bit Server VM (25.66-b17 mixed mode linux-amd64 compressed oops)
Heap:
 PSYoungGen      total 410112K, used 34677K [0x00000000d6e00000, 0x00000000f0500000, 0x0000000100000000)
  eden space 404992K, 8% used [0x00000000d6e00000,0x00000000d8f38428,0x00000000ef980000)
  from space 5120K, 12% used [0x00000000eff00000,0x00000000effa5270,0x00000000f0400000)
  to   space 5632K, 0% used [0x00000000ef980000,0x00000000ef980000,0x00000000eff00000)
 ParOldGen       total 84992K, used 1090K [0x0000000084a00000, 0x0000000089d00000, 0x00000000d6e00000)
  object space 84992K, 1% used [0x0000000084a00000,0x0000000084b108f8,0x0000000089d00000)
 Metaspace       used 6503K, capacity 6568K, committed 6656K, reserved 1056768K
  class space    used 673K, capacity 720K, committed 768K, reserved 1048576K
GC Heap History (10 events):
Event: 6.227 GC heap before
{Heap before GC invocations=6 (full 0):
 PSYoungGen      total 68608K, used 66844K [0x00000000d6e00000, 0x00000000df300000, 0x0000000100000000)
  eden space 63488K, 100% used [0x00000000d6e00000,0x00000000dac00000,0x00000000dac00000)
  from space 5120K, 65% used [0x00000000dac00000,0x00000000daf47160,0x00000000db100000)
  to   space 4608K, 0% used [0x00000000dee80000,0x00000000dee80000,0x00000000df300000)
 ParOldGen       total 84992K, used 32K [0x0000000084a00000, 0x0000000089d00000, 0x00000000d6e00000)
  object space 84992K, 0% used [0x0000000084a00000,0x0000000084a08000,0x0000000089d00000)
 Metaspace       used 4618K, capacity 5536K, committed 5760K, reserved 1056768K
  class space    used 498K, capacity 528K, committed 640K, reserved 1048576K
Event: 6.232 GC heap after
Heap after GC invocations=6 (full 0):
 PSYoungGen      total 131584K, used 3642K [0x00000000d6e00000, 0x00000000df300000, 0x0000000100000000)
  eden space 126976K, 0% used [0x00000000d6e00000,0x00000000d6e00000,0x00000000dea00000)
  from space 4608K, 79% used [0x00000000dee80000,0x00000000df20e810,0x00000000df300000)
  to   space 4608K, 0% used [0x00000000dea00000,0x00000000dea00000,0x00000000dee80000)
 ParOldGen       total 84992K, used 40K [0x0000000084a00000, 0x0000000089d00000, 0x00000000d6e00000)
  object space 84992K, 0% used [0x0000000084a00000,0x0000000084a0a000,0x0000000089d00000)
 Metaspace       used 4618K, capacity 5536K, committed 5760K, reserved 1056768K
  class space    used 498K, capacity 528K, committed 640K, reserved 1048576K
}
Event: 6.616 GC heap before
{Heap before GC invocations=7 (full 0):
 PSYoungGen      total 131584K, used 130618K [0x00000000d6e00000, 0x00000000df300000, 0x0000000100000000)
  eden space 126976K, 100% used [0x00000000d6e00000,0x00000000dea00000,0x00000000dea00000)
  from space 4608K, 79% used [0x00000000dee80000,0x00000000df20e810,0x00000000df300000)
  to   space 4608K, 0% used [0x00000000dea00000,0x00000000dea00000,0x00000000dee80000)
 ParOldGen       total 84992K, used 40K [0x0000000084a00000, 0x0000000089d00000, 0x00000000d6e00000)
  object space 84992K, 0% used [0x0000000084a00000,0x0000000084a0a000,0x0000000089d00000)
 Metaspace       used 4628K, capacity 5536K, committed 5760K, reserved 1056768K
  class space    used 499K, capacity 528K, committed 640K, reserved 1048576K
Event: 6.622 GC heap after
Heap after GC invocations=7 (full 0):
 PSYoungGen      total 131584K, used 4279K [0x00000000d6e00000, 0x00000000e6f00000, 0x0000000100000000)
  eden space 126976K, 0% used [0x00000000d6e00000,0x00000000d6e00000,0x00000000dea00000)
  from space 4608K, 92% used [0x00000000dea00000,0x00000000dee2df90,0x00000000dee80000)
  to   space 4608K, 0% used [0x00000000e6a80000,0x00000000e6a80000,0x00000000e6f00000)
 ParOldGen       total 84992K, used 1050K [0x0000000084a00000, 0x0000000089d00000, 0x00000000d6e00000)
  object space 84992K, 1% used [0x0000000084a00000,0x0000000084b068f8,0x0000000089d00000)
 Metaspace       used 4628K, capacity 5536K, committed 5760K, reserved 1056768K
  class space    used 499K, capacity 528K, committed 640K, reserved 1048576K
}
Event: 6.901 GC heap before
{Heap before GC invocations=8 (full 0):
 PSYoungGen      total 131584K, used 131255K [0x00000000d6e00000, 0x00000000e6f00000, 0x0000000100000000)
  eden space 126976K, 100% used [0x00000000d6e00000,0x00000000dea00000,0x00000000dea00000)
  from space 4608K, 92% used [0x00000000dea00000,0x00000000dee2df90,0x00000000dee80000)
  to   space 4608K, 0% used [0x00000000e6a80000,0x00000000e6a80000,0x00000000e6f00000)
 ParOldGen       total 84992K, used 1050K [0x0000000084a00000, 0x0000000089d00000, 0x00000000d6e00000)
  object space 84992K, 1% used [0x0000000084a00000,0x0000000084b068f8,0x0000000089d00000)
 Metaspace       used 4644K, capacity 5568K, committed 5760K, reserved 1056768K
  class space    used 502K, capacity 560K, committed 640K, reserved 1048576K
Event: 6.908 GC heap after
Heap after GC invocations=8 (full 0):
 PSYoungGen      total 258048K, used 4196K [0x00000000d6e00000, 0x00000000e7000000, 0x0000000100000000)
  eden space 253440K, 0% used [0x00000000d6e00000,0x00000000d6e00000,0x00000000e6580000)
  from space 4608K, 91% used [0x00000000e6a80000,0x00000000e6e99010,0x00000000e6f00000)
  to   space 5120K, 0% used [0x00000000e6580000,0x00000000e6580000,0x00000000e6a80000)
 ParOldGen       total 84992K, used 1058K [0x0000000084a00000, 0x0000000089d00000, 0x00000000d6e00000)
  object space 84992K, 1% used [0x0000000084a00000,0x0000000084b088f8,0x0000000089d00000)
 Metaspace       used 4644K, capacity 5568K, committed 5760K, reserved 1056768K
  class space    used 502K, capacity 560K, committed 640K, reserved 1048576K
}
Event: 7.480 GC heap before
{Heap before GC invocations=9 (full 0):
 PSYoungGen      total 258048K, used 257636K [0x00000000d6e00000, 0x00000000e7000000, 0x0000000100000000)
  eden space 253440K, 100% used [0x00000000d6e00000,0x00000000e6580000,0x00000000e6580000)
  from space 4608K, 91% used [0x00000000e6a80000,0x00000000e6e99010,0x00000000e6f00000)
  to   space 5120K, 0% used [0x00000000e6580000,0x00000000e6580000,0x00000000e6a80000)
 ParOldGen       total 84992K, used 1058K [0x0000000084a00000, 0x0000000089d00000, 0x00000000d6e00000)
  object space 84992K, 1% used [0x0000000084a00000,0x0000000084b088f8,0x0000000089d00000)
 Metaspace       used 4651K, capacity 5568K, committed 5760K, reserved 1056768K
  class space    used 502K, capacity 560K, committed 640K, reserved 1048576K
Event: 7.484 GC heap after
Heap after GC invocations=9 (full 0):
 PSYoungGen      total 258560K, used 2080K [0x00000000d6e00000, 0x00000000f0400000, 0x0000000100000000)
  eden space 253440K, 0% used [0x00000000d6e00000,0x00000000d6e00000,0x00000000e6580000)
  from space 5120K, 40% used [0x00000000e6580000,0x00000000e6788000,0x00000000e6a80000)
  to   space 5120K, 0% used [0x00000000eff00000,0x00000000eff00000,0x00000000f0400000)
 ParOldGen       total 84992K, used 1066K [0x0000000084a00000, 0x0000000089d00000, 0x00000000d6e00000)
  object space 84992K, 1% used [0x0000000084a00000,0x0000000084b0a8f8,0x0000000089d00000)
 Metaspace       used 4651K, capacity 5568K, committed 5760K, reserved 1056768K
  class space    used 502K, capacity 560K, committed 640K, reserved 1048576K
}
Event: 9.796 GC heap before
{Heap before GC invocations=10 (full 0):
 PSYoungGen      total 258560K, used 255520K [0x00000000d6e00000, 0x00000000f0400000, 0x0000000100000000)
  eden space 253440K, 100% used [0x00000000d6e00000,0x00000000e6580000,0x00000000e6580000)
  from space 5120K, 40% used [0x00000000e6580000,0x00000000e6788000,0x00000000e6a80000)
  to   space 5120K, 0% used [0x00000000eff00000,0x00000000eff00000,0x00000000f0400000)
 ParOldGen       total 84992K, used 1066K [0x0000000084a00000, 0x0000000089d00000, 0x00000000d6e00000)
  object space 84992K, 1% used [0x0000000084a00000,0x0000000084b0a8f8,0x0000000089d00000)
 Metaspace       used 6216K, capacity 6344K, committed 6656K, reserved 1056768K
  class space    used 662K, capacity 688K, committed 768K, reserved 1048576K
Event: 9.798 GC heap after
Heap after GC invocations=10 (full 0):
 PSYoungGen      total 410112K, used 660K [0x00000000d6e00000, 0x00000000f0500000, 0x0000000100000000)
  eden space 404992K, 0% used [0x00000000d6e00000,0x00000000d6e00000,0x00000000ef980000)
  from space 5120K, 12% used [0x00000000eff00000,0x00000000effa5270,0x00000000f0400000)
  to   space 5632K, 0% used [0x00000000ef980000,0x00000000ef980000,0x00000000eff00000)
 ParOldGen       total 84992K, used 1090K [0x0000000084a00000, 0x0000000089d00000, 0x00000000d6e00000)
  object space 84992K, 1% used [0x0000000084a00000,0x0000000084b108f8,0x0000000089d00000)
 Metaspace       used 6216K, capacity 6344K, committed 6656K, reserved 1056768K
  class space    used 662K, capacity 688K, committed 768K, reserved 1048576K
}

